<?xml version="1.0" encoding="UTF-8"?>
<!-- Generated by org.testng.reporters.JUnitReportReporter -->
<testsuite hostname="rupesh" failures="0" tests="1" name="com.vts.qa.testcases.viewQuotesTest" time="22.653" errors="0" timestamp="16 Sep 2020 13:02:56 GMT">
  <testcase classname="com.vts.qa.testcases.viewQuotesTest" name="viewQuoteTest" time="22.653"/>
</testsuite> <!-- com.vts.qa.testcases.viewQuotesTest -->
