<?xml version="1.0" encoding="UTF-8"?>
<!-- Generated by org.testng.reporters.JUnitReportReporter -->
<testsuite hostname="rupesh" failures="0" tests="1" name="com.vts.qa.testcases.viewQuotesTest2" time="20.250" errors="0" timestamp="16 Sep 2020 13:22:56 GMT">
  <testcase classname="com.vts.qa.testcases.viewQuotesTest2" name="viewQuoteTest" time="20.250"/>
</testsuite> <!-- com.vts.qa.testcases.viewQuotesTest2 -->
