<?xml version="1.0" encoding="UTF-8"?>
<!-- Generated by org.testng.reporters.JUnitReportReporter -->
<testsuite hostname="rupesh" failures="0" tests="1" name="com.vts.qa.testcases.homePageTest" time="91.593" errors="0" timestamp="7 Jun 2020 15:26:23 GMT">
  <testcase classname="com.vts.qa.testcases.homePageTest" name="HomePageTest" time="91.593"/>
</testsuite> <!-- com.vts.qa.testcases.homePageTest -->
