<?xml version="1.0" encoding="UTF-8"?>
<!-- Generated by org.testng.reporters.JUnitReportReporter -->
<testsuite hostname="rupesh" failures="0" tests="1" name="com.vts.qa.testcases.termInsuranceTest" time="1.641" errors="0" timestamp="16 Sep 2020 11:42:00 GMT">
  <testcase classname="com.vts.qa.testcases.termInsuranceTest" name="HomePageTest" time="1.641"/>
</testsuite> <!-- com.vts.qa.testcases.termInsuranceTest -->
